开始准备...开始准备...开始准备...准备完成！开始运行
开始准备...准备完成！开始运行
开始准备...准备完成！开始运行
第0次开始准备...准备完成！开始运行
第0次开始准备...准备完成！开始运行
第0次开始准备...准备完成！开始运行
第0次开始准备...准备完成！开始运行
第0次开始准备...准备完成！开始运行
第0次开始准备...准备完成！开始运行
第0次开始准备...准备完成！开始运行
第0次开始准备...准备完成！开始运行
第0次开始准备...准备完成！开始运行
第0次开始准备...准备完成！开始运行
第0次开始准备...准备完成！开始运行
第0次开始准备...准备完成！开始运行
第0次开始准备...准备完成！开始运行
第0次开始准备...准备完成！开始运行
第0次开始准备...开始准备...准备完成！开始运行
第0次第0次第0次开始准备...准备完成！开始运行
第0次第0次第0次开始准备...准备完成！开始运行
第0次开始准备...准备完成！开始运行
第0次开始准备...开始准备...准备完成！开始运行
第0次开始准备...准备完成！开始运行
第0次开始准备...准备完成！开始运行
第0次开始准备...准备完成！开始运行
第0次开始准备...准备完成！开始运行
第0次开始准备...准备完成！开始运行
第0次开始准备...准备完成！开始运行
第0次开始准备...准备完成！开始运行
第0次开始准备...准备完成！开始运行
第0次开始准备...准备完成！开始运行
第0次开始准备...准备完成！开始运行
第0次开始准备...准备完成！开始运行
第0次开始准备...准备完成！开始运行
第0次开始准备...准备完成！开始运行
第0次开始准备...准备完成！开始运行
第0次第0次开始准备...准备完成！开始运行
第0次第1次第2次第3次开始准备...准备完成！开始运行
第0次第1次开始准备...准备完成！开始运行
第0次第1次开始准备...准备完成！开始运行
第0次第1次开始准备...准备完成！开始运行
第0次开始准备...准备完成！开始运行
第0次开始准备...准备完成！开始运行
第0次开始准备...准备完成！开始运行
第0次开始准备...准备完成！开始运行
第0次开始准备...准备完成！开始运行
第0次开始准备...准备完成！开始运行
第0次开始准备...准备完成！开始运行
第0次开始准备...准备完成！开始运行
第0次开始准备...准备完成！开始运行
第0次开始准备...准备完成！开始运行
第0次开始准备...准备完成！开始运行
第0次开始准备...准备完成！开始运行
第0次开始准备...准备完成！开始运行
第0次开始准备...准备完成！开始运行
第0次开始准备...准备完成！开始运行
第0次开始准备...准备完成！开始运行
第0次开始准备...准备完成！开始运行
第0次开始准备...准备完成！开始运行
第0次开始准备...准备完成！开始运行
第0次开始准备...准备完成！开始运行
第0次开始准备...准备完成！开始运行
第0次开始准备...准备完成！开始运行
第0次开始准备...准备完成！开始运行
第0次开始准备...准备完成！开始运行
第0次开始准备...准备完成！开始运行
第0次开始准备...准备完成！开始运行
第0次开始准备...准备完成！开始运行
第0次开始准备...准备完成！开始运行
第0次开始准备...准备完成！开始运行
第0次开始准备...准备完成！开始运行
第0次开始准备...准备完成！开始运行
第0次开始准备...准备完成！开始运行
第0次开始准备...准备完成！开始运行
第0次开始准备...准备完成！开始运行
第0次开始准备...准备完成！开始运行
第0次开始准备...准备完成！开始运行
第0次开始准备...准备完成！开始运行
第0次开始准备...准备完成！开始运行
第0次开始准备...准备完成！开始运行
第0次开始准备...准备完成！开始运行
第0次开始准备...准备完成！开始运行
第0次开始准备...准备完成！开始运行
第0次开始准备...准备完成！开始运行
第0次开始准备...准备完成！开始运行
第0次开始准备...准备完成！开始运行
第0次开始准备...准备完成！开始运行
第0次开始准备...准备完成！开始运行
第0次开始准备...准备完成！开始运行
第0次第1次第2次第3次第4次开始准备...准备完成！开始运行
第0次开始准备...准备完成！开始运行
第0次开始准备...准备完成！开始运行
第0次开始准备...准备完成！开始运行
第0次开始准备...准备完成！开始运行
第0次开始准备...准备完成！开始运行
第0次开始准备...准备完成！开始运行
第0次开始准备...准备完成！开始运行
第0次开始准备...准备完成！开始运行
第0次开始准备...准备完成！开始运行
第0次第1次第2次开始准备...准备完成！开始运行
第0次第1次开始准备...准备完成！开始运行
第0次第1次开始准备...准备完成！开始运行
第0次开始准备...准备完成！开始运行
第0次开始准备...准备完成！开始运行
第0次开始准备...准备完成！开始运行
第0次开始准备...准备完成！开始运行
第0次开始准备...准备完成！开始运行
第0次开始准备...准备完成！开始运行
第0次开始准备...准备完成！开始运行
第0次开始准备...开始准备...准备完成！开始运行
第0次开始准备...准备完成！开始运行
第0次开始准备...准备完成！开始运行
第0次开始准备...准备完成！开始运行
第0次开始准备...准备完成！开始运行
第0次开始准备...准备完成！开始运行
第0次第1次开始准备...准备完成！开始运行
第0次开始准备...准备完成！开始运行
第0次第1次开始准备...准备完成！开始运行
第0次第1次开始准备...准备完成！开始运行
第0次第1次开始准备...准备完成！开始运行
第0次第1次开始准备...准备完成！开始运行
第0次第1次开始准备...准备完成！开始运行
第0次第1次开始准备...准备完成！开始运行
第0次第1次开始准备...准备完成！开始运行
第0次第1次开始准备...准备完成！开始运行
第0次第1次开始准备...准备完成！开始运行
第0次第1次开始准备...准备完成！开始运行
第0次第1次开始准备...准备完成！开始运行
第0次第1次开始准备...准备完成！开始运行
第0次第1次开始准备...准备完成！开始运行
第0次第1次开始准备...准备完成！开始运行
第0次开始准备...准备完成！开始运行
第0次第1次开始准备...准备完成！开始运行
第0次第1次开始准备...准备完成！开始运行
第0次开始准备...准备完成！开始运行
第0次第1次开始准备...准备完成！开始运行
第0次开始准备...准备完成！开始运行
第0次开始准备...准备完成！开始运行
第0次开始准备...准备完成！开始运行
第0次开始准备...准备完成！开始运行
第0次开始准备...准备完成！开始运行
第0次第1次第2次开始准备...准备完成！开始运行
第0次第1次第2次开始准备...准备完成！开始运行
第1次第2次第3次开始准备...准备完成！开始运行
第1次第2次开始准备...准备完成！开始运行
第1次开始准备...准备完成！开始运行
第1次开始准备...准备完成！开始运行
第1次开始准备...准备完成！开始运行
第1次开始准备...准备完成！开始运行
第1次开始准备...准备完成！开始运行
第1次开始准备...准备完成！开始运行
第1次开始准备...准备完成！开始运行
第1次开始准备...准备完成！开始运行
第1次开始准备...准备完成！开始运行
第1次开始准备...准备完成！开始运行
第1次开始准备...准备完成！开始运行
第1次开始准备...准备完成！开始运行
第1次第2次开始准备...准备完成！开始运行
第1次第2次开始准备...准备完成！开始运行
第1次开始准备...准备完成！开始运行
第1次第2次开始准备...准备完成！开始运行
第1次开始准备...准备完成！开始运行
第1次第2次开始准备...准备完成！开始运行
第1次开始准备...准备完成！开始运行
第1次第2次开始准备...准备完成！开始运行
第1次第2次开始准备...准备完成！开始运行
第1次开始准备...准备完成！开始运行
第1次开始准备...准备完成！开始运行
第1次开始准备...开始准备...准备完成！开始运行
第1次开始准备...准备完成！开始运行
第1次开始准备...准备完成！开始运行
第1次开始准备...准备完成！开始运行
第1次开始准备...准备完成！开始运行
第1次开始准备...准备完成！开始运行
第1次开始准备...准备完成！开始运行
第1次开始准备...准备完成！开始运行
第1次开始准备...准备完成！开始运行
第1次开始准备...准备完成！开始运行
第1次开始准备...准备完成！开始运行
第1次开始准备...准备完成！开始运行
第1次开始准备...准备完成！开始运行
第1次开始准备...准备完成！开始运行
第1次开始准备...准备完成！开始运行
第1次开始准备...准备完成！开始运行
第1次开始准备...准备完成！开始运行
第1次开始准备...准备完成！开始运行
第1次开始准备...准备完成！开始运行
第1次开始准备...准备完成！开始运行
第1次开始准备...准备完成！开始运行
第1次开始准备...准备完成！开始运行
第1次开始准备...准备完成！开始运行
第1次开始准备...准备完成！开始运行
第1次开始准备...准备完成！开始运行
第1次开始准备...准备完成！开始运行
第1次开始准备...准备完成！开始运行
第1次开始准备...准备完成！开始运行
第1次开始准备...准备完成！开始运行
第1次开始准备...准备完成！开始运行
第1次开始准备...准备完成！开始运行
第1次开始准备...准备完成！开始运行
第1次开始准备...准备完成！开始运行
第1次开始准备...准备完成！开始运行
第1次开始准备...准备完成！开始运行
第1次开始准备...准备完成！开始运行
第1次开始准备...准备完成！开始运行
第1次开始准备...准备完成！开始运行
第1次开始准备...准备完成！开始运行
第1次开始准备...准备完成！开始运行
第1次开始准备...准备完成！开始运行
第1次开始准备...准备完成！开始运行
第1次开始准备...准备完成！开始运行
第1次开始准备...准备完成！开始运行
第1次开始准备...准备完成！开始运行
第1次开始准备...准备完成！开始运行
第1次开始准备...准备完成！开始运行
第1次开始准备...准备完成！开始运行
第1次开始准备...准备完成！开始运行
第1次开始准备...准备完成！开始运行
第1次开始准备...准备完成！开始运行
第1次开始准备...准备完成！开始运行
第1次开始准备...准备完成！开始运行
第1次开始准备...准备完成！开始运行
第1次开始准备...准备完成！开始运行
第1次开始准备...准备完成！开始运行
第1次开始准备...准备完成！开始运行
第1次开始准备...准备完成！开始运行
第1次开始准备...准备完成！开始运行
第1次开始准备...准备完成！开始运行
第1次开始准备...准备完成！开始运行
第1次开始准备...准备完成！开始运行
第1次开始准备...准备完成！开始运行
第1次开始准备...准备完成！开始运行
第1次开始准备...准备完成！开始运行
第1次开始准备...准备完成！开始运行
第1次开始准备...准备完成！开始运行
第1次开始准备...准备完成！开始运行
第1次开始准备...准备完成！开始运行
第1次开始准备...准备完成！开始运行
第1次开始准备...准备完成！开始运行
第1次开始准备...准备完成！开始运行
第1次开始准备...准备完成！开始运行
第1次开始准备...准备完成！开始运行
第1次开始准备...准备完成！开始运行
第1次开始准备...准备完成！开始运行
第1次开始准备...准备完成！开始运行
第1次开始准备...准备完成！开始运行
第1次开始准备...准备完成！开始运行
第1次开始准备...准备完成！开始运行
第1次开始准备...准备完成！开始运行
第1次开始准备...准备完成！开始运行
第1次开始准备...准备完成！开始运行
第1次开始准备...准备完成！开始运行
第1次开始准备...准备完成！开始运行
第1次开始准备...准备完成！开始运行
第1次开始准备...准备完成！开始运行
第1次开始准备...准备完成！开始运行
第1次开始准备...准备完成！开始运行
第1次开始准备...准备完成！开始运行
第1次开始准备...准备完成！开始运行
第1次开始准备...准备完成！开始运行
第1次开始准备...准备完成！开始运行
第1次开始准备...准备完成！开始运行
第1次开始准备...准备完成！开始运行
第1次开始准备...准备完成！开始运行
第1次开始准备...准备完成！开始运行
第1次开始准备...准备完成！开始运行
第1次开始准备...准备完成！开始运行
第1次开始准备...准备完成！开始运行
第1次开始准备...准备完成！开始运行
第1次开始准备...准备完成！开始运行
第1次开始准备...开始准备...准备完成！开始运行
第1次第2次开始准备...准备完成！开始运行
第1次开始准备...准备完成！开始运行
第1次第2次开始准备...准备完成！开始运行
第1次开始准备...准备完成！开始运行
第1次第2次开始准备...准备完成！开始运行
第1次开始准备...准备完成！开始运行
第1次开始准备...准备完成！开始运行
第1次开始准备...准备完成！开始运行
第1次开始准备...准备完成！开始运行
第1次开始准备...准备完成！开始运行
第1次开始准备...准备完成！开始运行
第1次第2次第3次第4次开始准备...准备完成！开始运行
第1次第2次第3次第4次第5次开始准备...准备完成！开始运行
第1次第2次第3次开始准备...准备完成！开始运行
第1次第2次第3次开始准备...准备完成！开始运行
第1次第2次开始准备...准备完成！开始运行
第1次第2次开始准备...准备完成！开始运行
第1次第2次开始准备...准备完成！开始运行
第1次开始准备...准备完成！开始运行
第1次开始准备...准备完成！开始运行
第1次开始准备...准备完成！开始运行
第1次开始准备...准备完成！开始运行
第1次开始准备...准备完成！开始运行
第1次第2次开始准备...准备完成！开始运行
第1次开始准备...准备完成！开始运行
第1次第2次第3次第4次开始准备...准备完成！开始运行
第1次第2次开始准备...准备完成！开始运行
第1次开始准备...准备完成！开始运行
第1次开始准备...准备完成！开始运行
第1次开始准备...准备完成！开始运行
第1次开始准备...准备完成！开始运行
第1次开始准备...准备完成！开始运行
第1次开始准备...准备完成！开始运行
第1次开始准备...准备完成！开始运行
第1次开始准备...准备完成！开始运行
第1次开始准备...准备完成！开始运行
第1次开始准备...准备完成！开始运行
第1次开始准备...准备完成！开始运行
第1次开始准备...准备完成！开始运行
第1次开始准备...准备完成！开始运行
第1次开始准备...准备完成！开始运行
第1次开始准备...准备完成！开始运行
第1次开始准备...准备完成！开始运行
第1次开始准备...准备完成！开始运行
第1次开始准备...准备完成！开始运行
第1次开始准备...准备完成！开始运行
第1次开始准备...准备完成！开始运行
第1次开始准备...准备完成！开始运行
第1次开始准备...准备完成！开始运行
第1次开始准备...准备完成！开始运行
第1次开始准备...准备完成！开始运行
第1次开始准备...准备完成！开始运行
第1次开始准备...准备完成！开始运行
第1次开始准备...准备完成！开始运行
第1次开始准备...准备完成！开始运行
第1次开始准备...准备完成！开始运行
第1次开始准备...准备完成！开始运行
第1次开始准备...准备完成！开始运行
第1次开始准备...准备完成！开始运行
第1次第2次第3次开始准备...准备完成！开始运行
第1次开始准备...准备完成！开始运行
第1次开始准备...准备完成！开始运行
第1次开始准备...准备完成！开始运行
第1次开始准备...准备完成！开始运行
第1次开始准备...准备完成！开始运行
第1次开始准备...准备完成！开始运行
第1次开始准备...准备完成！开始运行
第1次开始准备...准备完成！开始运行
第1次开始准备...准备完成！开始运行
第1次开始准备...准备完成！开始运行
第1次开始准备...准备完成！开始运行
第1次开始准备...准备完成！开始运行
第1次第2次第3次第4次第5次第6次第7次第8次第9次第10次第11次第12次第13次第14次第15次开始准备...准备完成！开始运行
第1次第2次开始准备...准备完成！开始运行
第1次开始准备...准备完成！开始运行
第1次开始准备...准备完成！开始运行
第1次第2次第3次第4次第5次第6次第7次第8次